<?xml version="1.0" encoding="UTF-8"?>
<testsuite xmlns:xsi="http://www.w3.org/2001/XMLSchema-instance" xsi:noNamespaceSchemaLocation="https://maven.apache.org/surefire/maven-surefire-plugin/xsd/surefire-test-report.xsd" name="de.hdbw.hgy.db.access.DBZugriffTest" time="1.035" tests="5" errors="0" skipped="0" failures="0">
  <properties>
[...]
</properties>
  <testcase name="insert_read_check" classname="de.hdbw.hgy.db.access.DBZugriffTest" time="0.929"/>
  <testcase name="searchUsers" classname="de.hdbw.hgy.db.access.DBZugriffTest" time="0.013"/>
  <testcase name="getUserById" classname="de.hdbw.hgy.db.access.DBZugriffTest" time="0.016"/>
  <testcase name="searchAllUsers" classname="de.hdbw.hgy.db.access.DBZugriffTest" time="0.017"/>
  <testcase name="insert_update_check" classname="de.hdbw.hgy.db.access.DBZugriffTest" time="0.022"/>
</testsuite>