-------------------------------------------------------------------------------
Test set: de.hdbw.integration.rest.client.test.ConsumerAnnotationTest
-------------------------------------------------------------------------------
Tests run: 1, Failures: 0, Errors: 1, Skipped: 0, Time elapsed: 0.001 s <<< FAILURE! - in de.hdbw.integration.rest.client.test.ConsumerAnnotationTest
de.hdbw.integration.rest.client.test.ConsumerAnnotationTest.runTest  Time elapsed: 0 s  <<< ERROR!
java.lang.NoClassDefFoundError: Could not initialize class org.codehaus.groovy.vmplugin.v7.IndyInterface
	at java.base/jdk.internal.misc.Unsafe.ensureClassInitialized0(Native Method)
	at java.base/jdk.internal.misc.Unsafe.ensureClassInitialized(Unsafe.java:1160)
	at java.base/java.lang.invoke.DirectMethodHandle.checkInitialized(DirectMethodHandle.java:384)
	at java.base/java.lang.invoke.DirectMethodHandle.ensureInitialized(DirectMethodHandle.java:372)
	at java.base/java.lang.invoke.DirectMethodHandle.internalMemberNameEnsureInit(DirectMethodHandle.java:337)
	at java.base/java.lang.invoke.BootstrapMethodInvoker.invoke(BootstrapMethodInvoker.java:166)
	at java.base/java.lang.invoke.CallSite.makeSite(CallSite.java:315)
	at java.base/java.lang.invoke.MethodHandleNatives.linkCallSiteImpl(MethodHandleNatives.java:279)
	at java.base/java.lang.invoke.MethodHandleNatives.linkCallSite(MethodHandleNatives.java:269)
	at au.com.dius.pact.model.MockProviderConfig.createDefault(MockProviderConfig.groovy:37)
	at au.com.dius.pact.consumer.PactProviderRule.<init>(PactProviderRule.java:51)
	at au.com.dius.pact.consumer.PactProviderRule.<init>(PactProviderRule.java:110)
	at de.hdbw.integration.rest.client.test.ConsumerAnnotationTest.<init>(ConsumerAnnotationTest.java:15)
	at java.base/jdk.internal.reflect.DirectConstructorHandleAccessor.newInstance(DirectConstructorHandleAccessor.java:67)
	at java.base/java.lang.reflect.Constructor.newInstanceWithCaller(Constructor.java:499)
	at java.base/java.lang.reflect.Constructor.newInstance(Constructor.java:483)
	at org.junit.runners.BlockJUnit4ClassRunner.createTest(BlockJUnit4ClassRunner.java:217)
	at org.junit.runners.BlockJUnit4ClassRunner$1.runReflectiveCall(BlockJUnit4ClassRunner.java:266)
	at org.junit.internal.runners.model.ReflectiveCallable.run(ReflectiveCallable.java:12)
	at org.junit.runners.BlockJUnit4ClassRunner.methodBlock(BlockJUnit4ClassRunner.java:263)
	at org.junit.runners.BlockJUnit4ClassRunner.runChild(BlockJUnit4ClassRunner.java:78)
	at org.junit.runners.BlockJUnit4ClassRunner.runChild(BlockJUnit4ClassRunner.java:57)
	at org.junit.runners.ParentRunner$3.run(ParentRunner.java:290)
	at org.junit.runners.ParentRunner$1.schedule(ParentRunner.java:71)
	at org.junit.runners.ParentRunner.runChildren(ParentRunner.java:288)
	at org.junit.runners.ParentRunner.access$000(ParentRunner.java:58)
	at org.junit.runners.ParentRunner$2.evaluate(ParentRunner.java:268)
	at org.junit.runners.ParentRunner.run(ParentRunner.java:363)
	at org.apache.maven.surefire.junit4.JUnit4Provider.execute(JUnit4Provider.java:377)
	at org.apache.maven.surefire.junit4.JUnit4Provider.executeWithRerun(JUnit4Provider.java:284)
	at org.apache.maven.surefire.junit4.JUnit4Provider.executeTestSet(JUnit4Provider.java:248)
	at org.apache.maven.surefire.junit4.JUnit4Provider.invoke(JUnit4Provider.java:167)
	at org.apache.maven.surefire.booter.ForkedBooter.runSuitesInProcess(ForkedBooter.java:456)
	at org.apache.maven.surefire.booter.ForkedBooter.execute(ForkedBooter.java:169)
	at org.apache.maven.surefire.booter.ForkedBooter.run(ForkedBooter.java:595)
	at org.apache.maven.surefire.booter.ForkedBooter.main(ForkedBooter.java:581)
Caused by: java.lang.ExceptionInInitializerError: Exception java.lang.NoClassDefFoundError: Could not initialize class org.codehaus.groovy.reflection.ReflectionCache [in thread "main"]
	at org.codehaus.groovy.runtime.dgmimpl.NumberNumberMetaMethod.<clinit>(NumberNumberMetaMethod.java:33)
	at java.base/jdk.internal.misc.Unsafe.ensureClassInitialized0(Native Method)
	at java.base/jdk.internal.misc.Unsafe.ensureClassInitialized(Unsafe.java:1160)
	at java.base/jdk.internal.reflect.MethodHandleAccessorFactory.ensureClassInitialized(MethodHandleAccessorFactory.java:300)
	at java.base/jdk.internal.reflect.MethodHandleAccessorFactory.newConstructorAccessor(MethodHandleAccessorFactory.java:103)
	at java.base/jdk.internal.reflect.ReflectionFactory.newConstructorAccessor(ReflectionFactory.java:236)
	at java.base/java.lang.reflect.Constructor.acquireConstructorAccessor(Constructor.java:546)
	at java.base/java.lang.reflect.Constructor.newInstanceWithCaller(Constructor.java:496)
	at java.base/java.lang.reflect.ReflectAccess.newInstance(ReflectAccess.java:128)
	at java.base/jdk.internal.reflect.ReflectionFactory.newInstance(ReflectionFactory.java:341)
	at java.base/java.lang.Class.newInstance(Class.java:677)
	at org.codehaus.groovy.runtime.metaclass.MetaClassRegistryImpl.createMetaMethodFromClass(MetaClassRegistryImpl.java:257)
	at org.codehaus.groovy.runtime.metaclass.MetaClassRegistryImpl.<init>(MetaClassRegistryImpl.java:110)
	at org.codehaus.groovy.runtime.metaclass.MetaClassRegistryImpl.<init>(MetaClassRegistryImpl.java:85)
	at groovy.lang.GroovySystem.<clinit>(GroovySystem.java:36)
	at org.codehaus.groovy.vmplugin.v7.IndyInterface.<clinit>(IndyInterface.java:107)
	at java.base/jdk.internal.misc.Unsafe.ensureClassInitialized0(Native Method)
	at java.base/jdk.internal.misc.Unsafe.ensureClassInitialized(Unsafe.java:1160)
	at java.base/java.lang.invoke.DirectMethodHandle.checkInitialized(DirectMethodHandle.java:384)
	at java.base/java.lang.invoke.DirectMethodHandle.ensureInitialized(DirectMethodHandle.java:372)
	at java.base/java.lang.invoke.DirectMethodHandle.internalMemberNameEnsureInit(DirectMethodHandle.java:337)
	at java.base/java.lang.invoke.BootstrapMethodInvoker.invoke(BootstrapMethodInvoker.java:166)
	at java.base/java.lang.invoke.CallSite.makeSite(CallSite.java:315)
	at java.base/java.lang.invoke.MethodHandleNatives.linkCallSiteImpl(MethodHandleNatives.java:279)
	at java.base/java.lang.invoke.MethodHandleNatives.linkCallSite(MethodHandleNatives.java:269)
	at au.com.dius.pact.model.MockProviderConfig.httpConfig(MockProviderConfig.groovy:29)
	at au.com.dius.pact.consumer.BaseProviderRule.<init>(BaseProviderRule.java:33)
	at au.com.dius.pact.consumer.PactProviderRuleMk2.<init>(PactProviderRuleMk2.java:26)
	at au.com.dius.pact.consumer.PactProviderRuleMk2.<init>(PactProviderRuleMk2.java:37)
	at de.hdbw.integration.rest.client.test.ConsumerAnnotation2Test.<init>(ConsumerAnnotation2Test.java:23)
	... 23 more

