<?xml version="1.0" encoding="UTF-8"?>
<testsuite xmlns:xsi="http://www.w3.org/2001/XMLSchema-instance" xsi:noNamespaceSchemaLocation="https://maven.apache.org/surefire/maven-surefire-plugin/xsd/surefire-test-report.xsd" name="de.hdbw.hgy.db.access.DBZugriffTest" time="2.344" tests="5" errors="5" skipped="0" failures="0">
  <properties>
[...]
</properties>
  <testcase name="insert_update_check" classname="de.hdbw.hgy.db.access.DBZugriffTest" time="2.261">
    <error type="java.lang.NullPointerException">java.lang.NullPointerException
	at de.hdbw.hgy.db.access.DBZugriffTest.insert_update_check(DBZugriffTest.java:44)
</error>
    <system-out><![CDATA[INSERT: Yiyi ZhangS1 ist Teilnehmer des Kurses KeinKurs als Regisseur
]]></system-out>
    <system-err><![CDATA[Datenbank-Fehler: Verbindung ist unterbrochen: "java.net.ConnectException: Connection refused: connect: localhost"
Connection is broken: "java.net.ConnectException: Connection refused: connect: localhost" [90067-199]
]]></system-err>
  </testcase>
  <testcase name="searchUsers" classname="de.hdbw.hgy.db.access.DBZugriffTest" time="0.009">
    <error type="java.lang.NullPointerException">java.lang.NullPointerException
	at de.hdbw.hgy.db.access.DBZugriffTest.searchUsers(DBZugriffTest.java:60)
</error>
    <system-out><![CDATA[SEARCH QUERY: Yi Zhang ist Teilnehmer des Kurses  als null
]]></system-out>
  </testcase>
  <testcase name="getUserById" classname="de.hdbw.hgy.db.access.DBZugriffTest" time="0.001">
    <error type="java.lang.NullPointerException">java.lang.NullPointerException
	at de.hdbw.hgy.db.access.DBZugriffTest.getUserById(DBZugriffTest.java:69)
</error>
  </testcase>
  <testcase name="searchAllUsers" classname="de.hdbw.hgy.db.access.DBZugriffTest" time="0.002">
    <error type="java.lang.NullPointerException">java.lang.NullPointerException
	at de.hdbw.hgy.db.access.DBZugriffTest.searchAllUsers(DBZugriffTest.java:77)
</error>
    <system-out><![CDATA[SEARCH QUERY:   ist Teilnehmer des Kurses  als null
]]></system-out>
  </testcase>
  <testcase name="insert_read_check" classname="de.hdbw.hgy.db.access.DBZugriffTest" time="0.002">
    <error type="java.lang.NullPointerException">java.lang.NullPointerException
	at de.hdbw.hgy.db.access.DBZugriffTest.insert_read_check(DBZugriffTest.java:31)
</error>
    <system-out><![CDATA[INSERT: Hallo Halli ist Teilnehmer des Kurses EinKurs als EineRolle
]]></system-out>
  </testcase>
</testsuite>